<?xml version="1.0" encoding="UTF-8"?>
<robot generator="Robot 7.4.2 (Python 3.13.12 on win32)" generated="2026-06-16T00:10:14.916631" rpa="false" schemaversion="5">
<suite id="s1" name="Bluetooth Test" source="D:\Rucha\Rucha\InfotainmentFramework\tests\bluetooth_test.robot">
<test id="s1-t1" name="Bluetooth Validation Test" line="6">
<kw name="Validate Device Connection" owner="bluetooth_keywords">
<kw name="Check Device Connection" owner="BluetoothLibrary">
<msg time="2026-06-16T00:10:15.210126" level="INFO">ADB Devices Output:
List of devices attached
2B071FDH200424	device

Connected Devices: ['2B071FDH200424']</msg>
<msg time="2026-06-16T00:10:15.210472" level="INFO">${device} = 2B071FDH200424</msg>
<var>${device}</var>
<status status="PASS" start="2026-06-16T00:10:15.102820" elapsed="0.107742"/>
</kw>
<kw name="Log" owner="BuiltIn">
<msg time="2026-06-16T00:10:15.211803" level="INFO">Connected Device: 2B071FDH200424</msg>
<arg>Connected Device: ${device}</arg>
<doc>Logs the given message with the given level.</doc>
<status status="PASS" start="2026-06-16T00:10:15.210952" elapsed="0.000993"/>
</kw>
<status status="PASS" start="2026-06-16T00:10:15.101599" elapsed="0.110542"/>
</kw>
<kw name="Turn ON Bluetooth" owner="bluetooth_keywords">
<kw name="Enable Bluetooth" owner="BluetoothLibrary">
<msg time="2026-06-16T00:10:20.606197" level="INFO">Enabling Bluetooth...
Bluetooth enable command executed</msg>
<status status="PASS" start="2026-06-16T00:10:15.213593" elapsed="5.392907"/>
</kw>
<status status="PASS" start="2026-06-16T00:10:15.212962" elapsed="5.393831"/>
</kw>
<kw name="Validate Bluetooth Enabled" owner="bluetooth_keywords">
<kw name="Verify Bluetooth Status" owner="BluetoothLibrary">
<msg time="2026-06-16T00:10:20.842815" level="INFO">Verifying Bluetooth Status...
Bluetooth Raw Status: 1
Bluetooth is ENABLED</msg>
<msg time="2026-06-16T00:10:20.843426" level="INFO">${status} = enabled</msg>
<var>${status}</var>
<status status="PASS" start="2026-06-16T00:10:20.609047" elapsed="0.234530"/>
</kw>
<kw name="Should Be Equal" owner="BuiltIn">
<arg>${status}</arg>
<arg>${EXPECTED_STATUS}</arg>
<doc>Fails if the given objects are unequal.</doc>
<status status="PASS" start="2026-06-16T00:10:20.844170" elapsed="0.001850"/>
</kw>
<status status="PASS" start="2026-06-16T00:10:20.608061" elapsed="0.238312"/>
</kw>
<kw name="Capture Device Logs" owner="bluetooth_keywords">
<kw name="Capture Logcat" owner="BluetoothLibrary">
<msg time="2026-06-16T00:10:21.352401" level="INFO">Logs saved to logs/bluetooth_log.txt</msg>
<status status="PASS" start="2026-06-16T00:10:20.848457" elapsed="0.504290"/>
</kw>
<status status="PASS" start="2026-06-16T00:10:20.847396" elapsed="0.505664"/>
</kw>
<kw name="Turn OFF Bluetooth" owner="bluetooth_keywords">
<kw name="Disable Bluetooth" owner="BluetoothLibrary">
<msg time="2026-06-16T00:10:24.654332" level="INFO">Disabling Bluetooth...
Bluetooth disabled</msg>
<status status="PASS" start="2026-06-16T00:10:21.355530" elapsed="3.299151"/>
</kw>
<status status="PASS" start="2026-06-16T00:10:21.354165" elapsed="3.300832"/>
</kw>
<doc>Validate infotainment Bluetooth flow</doc>
<tag>bluetooth</tag>
<tag>regression</tag>
<status status="PASS" start="2026-06-16T00:10:15.099729" elapsed="9.556536"/>
</test>
<status status="PASS" start="2026-06-16T00:10:14.921870" elapsed="9.737964"/>
</suite>
<statistics>
<total>
<stat pass="1" fail="0" skip="0">All Tests</stat>
</total>
<tag>
<stat pass="1" fail="0" skip="0">bluetooth</stat>
<stat pass="1" fail="0" skip="0">regression</stat>
</tag>
<suite>
<stat name="Bluetooth Test" id="s1" pass="1" fail="0" skip="0">Bluetooth Test</stat>
</suite>
</statistics>
<errors>
</errors>
</robot>
